2026-01-29 10:32:46,511 - WARNING - Skipping duplicate event: 73bb4a0f-0335-4404-85dd-e74768b48df4
2026-01-29 10:32:46,513 - WARNING - Skipping duplicate event: ee0f74a8-adf6-4374-a1b7-dec3cd7d470d
2026-01-29 10:32:46,518 - WARNING - Skipping duplicate event: d58e0fab-4397-4d51-85dd-f7ca6d94653b
2026-01-29 10:37:11,690 - WARNING - Skipping duplicate event: f3e195a3-5b33-4952-ab46-fdecefa78fc3
2026-01-29 10:37:11,695 - WARNING - Skipping duplicate event: e567e3b1-80c5-45dc-8116-753fcff1513b
2026-01-29 10:37:11,706 - WARNING - Skipping duplicate event: 0aa3e902-4759-4dd3-9a18-28d54f1f0575
2026-01-29 10:37:11,712 - WARNING - Skipping duplicate event: 4c1e8c31-6f91-43a1-a648-105e154155ba
2026-01-29 10:37:11,715 - WARNING - Skipping duplicate event: c496d7b9-0cc6-4286-8895-d230aeb0f022
2026-01-29 10:37:11,723 - WARNING - Skipping duplicate event: 48c14a73-7441-46a9-bd45-6e9530b34892
2026-01-29 10:37:11,731 - WARNING - Skipping duplicate event: 60f0ca4a-2f58-4a7c-b9a4-3df891093252
2026-01-29 10:37:11,746 - WARNING - Skipping duplicate event: e7027e37-6483-4e40-8bf1-cd3a5ccadf91
2026-01-29 10:37:11,750 - WARNING - Skipping duplicate event: ed4435df-b2d1-421a-aa04-ebe7dbcc38c5
2026-01-29 10:37:46,201 - WARNING - Skipping duplicate event: 3184ddd7-ec63-4b47-b682-c77d269b5c4e
2026-01-29 10:37:46,205 - WARNING - Skipping duplicate event: a261b6a0-c2ad-48f7-8c9c-db632ef58d17
2026-01-29 10:37:46,216 - WARNING - Skipping duplicate event: 985b9b30-d458-4fa6-b6f8-fd2f619a9fac
2026-01-29 10:37:46,216 - WARNING - Skipping duplicate event: 62a02f35-155a-4fa4-87e3-2803d6963986
2026-01-29 10:37:46,216 - WARNING - Skipping duplicate event: 54d4de1f-aa61-49f0-b7b1-6e1580e0f249
2026-01-29 10:37:46,238 - WARNING - Skipping duplicate event: c1babe3c-a935-4ab1-ba88-677f903bae5b
2026-01-29 10:37:46,242 - WARNING - Skipping duplicate event: e41f95b0-68cf-4fd3-949d-bb1771e9b548
2026-01-29 10:37:46,247 - WARNING - Skipping duplicate event: 02111f9c-ca11-4309-b656-0c96292591c1
2026-01-29 11:26:05,748 - WARNING - Skipping duplicate event: 93515968-7db2-4693-a48a-417f62f137e2
2026-01-29 11:26:05,754 - WARNING - Skipping duplicate event: 947853c3-7c22-4dde-bec4-5a90d2fc2f19
2026-01-29 11:26:05,763 - WARNING - Skipping duplicate event: feb3976e-264c-459f-a320-7780a99fd7cf
2026-01-29 11:26:05,774 - WARNING - Skipping duplicate event: b7cf80ab-2687-4e2b-9852-d21c1d06e8f3
2026-01-29 11:39:47,123 - WARNING - Skipping duplicate event: 9d8b3cb6-538f-4348-80fa-cdaeee86df78
2026-01-29 11:39:47,135 - WARNING - Skipping duplicate event: fe3c3a6a-6885-45a6-8038-13ee639dc286
2026-01-29 11:39:47,142 - WARNING - Skipping duplicate event: 73b7e7fb-a91a-48fa-a2d7-c883dcffe988
2026-01-29 11:39:47,149 - WARNING - Skipping duplicate event: c5aafabc-6c4e-431f-9b51-52475f8611ea
2026-01-29 11:39:47,168 - WARNING - Skipping duplicate event: c55ab9cf-eab0-4f47-9c83-922d3ba97b2d
2026-01-29 11:39:47,168 - WARNING - Skipping duplicate event: c0b3f784-8741-453b-b879-3e8bd16a5601
2026-01-29 11:39:47,184 - WARNING - Skipping duplicate event: da4704e5-cfb3-4837-9410-9a203d049ae1
2026-01-29 11:39:47,191 - WARNING - Skipping duplicate event: 232ad8fe-d5db-45fe-beb2-fa01b7f2f00f
2026-01-29 11:39:47,199 - WARNING - Skipping duplicate event: 348379ad-a8b6-4c19-a09a-132e00290616
2026-01-29 11:39:47,206 - WARNING - Skipping duplicate event: 5f0f72b2-8736-490d-a97a-96684ee4d897
2026-01-29 11:39:47,206 - WARNING - Skipping duplicate event: eac0df76-3150-4776-86cc-564b372fb0c5
2026-01-29 11:39:47,217 - WARNING - Skipping duplicate event: 478ff899-92f8-4283-8474-a41179dc73f6
2026-01-29 11:39:47,232 - WARNING - Skipping duplicate event: 9f57691e-73a9-4fb9-a2d5-6bcf67afbe87
2026-01-29 11:39:47,250 - WARNING - Skipping duplicate event: 5f011382-671e-4f94-92a2-5f2f2715c823
2026-01-29 11:39:47,267 - WARNING - Skipping duplicate event: a4f369b7-97a4-4927-a9be-157dae7c5c51
2026-01-29 11:39:47,270 - WARNING - Skipping duplicate event: 232237c6-38f5-4ddb-b8be-92495770415b
2026-01-29 11:39:47,285 - WARNING - Skipping duplicate event: fbbe75a4-bbc5-4137-b4fc-a2bc02a0ae28
2026-01-29 11:39:47,296 - WARNING - Skipping duplicate event: 66880664-eb65-49cb-af42-ec170afb3951
2026-01-29 11:39:47,311 - WARNING - Skipping duplicate event: 87f62553-23e5-43d4-baea-7bca3e999787
2026-01-29 11:39:47,314 - WARNING - Skipping duplicate event: bf5fe0a6-848d-47f4-823d-fa3dcb1bc1bc
2026-01-29 11:39:47,318 - WARNING - Skipping duplicate event: f8b0e23a-fffa-4376-ad76-0d8ec583a576
2026-01-29 11:39:47,341 - WARNING - Skipping duplicate event: 96593ce0-892f-417a-9296-a74b42a5e633
2026-01-29 11:39:47,341 - WARNING - Skipping duplicate event: fbd30e48-faf6-4626-9a49-8cb14b214cb4
2026-01-29 11:39:47,351 - WARNING - Skipping duplicate event: f7e96311-4a8d-4b46-842a-5b87c63df6f9
2026-01-29 11:39:47,369 - WARNING - Skipping duplicate event: bd3caea9-fd61-4e4c-8038-1c8199c46228
2026-01-29 11:39:47,369 - WARNING - Skipping duplicate event: ee7ed8aa-e36a-47a2-ae65-1a6a103ab22e
2026-01-29 11:39:47,369 - WARNING - Skipping duplicate event: 3ecc82e8-ed6e-4c91-a25b-ef629c6b68f9
2026-01-29 11:39:47,400 - WARNING - Skipping duplicate event: a08d194e-9796-4900-82c0-066c53c2d340
2026-01-29 11:39:47,509 - WARNING - Skipping duplicate event: bf7c37c8-b194-422b-86a6-710e0744e027
2026-01-29 11:39:47,527 - WARNING - Skipping duplicate event: 8bb2651b-05fd-4ddb-b007-0a1908ec8df1
2026-01-29 11:39:47,576 - WARNING - Skipping duplicate event: f49ea32b-1ef7-4c19-90b3-dd76de4fd8a8
2026-01-29 11:39:47,576 - WARNING - Skipping duplicate event: 4e56dbfc-0dce-4f8b-b457-87ace7d6f5f4
2026-01-29 11:39:47,584 - WARNING - Skipping duplicate event: 16bfdedb-419c-41c6-b75b-bd5abb6b15e2
2026-01-29 11:39:47,601 - WARNING - Skipping duplicate event: cf6d1841-a45b-4825-98f0-5e14fecba7ab
2026-01-29 11:39:47,611 - WARNING - Skipping duplicate event: 3ee7e70c-a0c7-45aa-aec9-399933c48ea2
2026-01-29 11:39:47,618 - WARNING - Skipping duplicate event: 032dc881-2d81-46bb-b9df-f0e64a181732
2026-01-29 11:39:47,627 - WARNING - Skipping duplicate event: 0f44aa06-064f-4b49-a2f0-5cde3e774d1c
2026-01-29 11:39:47,632 - WARNING - Skipping duplicate event: 37e92bc1-7f29-4321-a655-07d7ff8a2f93
2026-01-29 11:39:47,674 - WARNING - Skipping duplicate event: 58f2fe46-14f4-4bf0-beb6-96374464672f
2026-01-29 11:39:47,679 - WARNING - Skipping duplicate event: 674d8b8e-44a9-46b3-a303-6e42a84f7a38
2026-01-29 11:39:47,681 - WARNING - Skipping duplicate event: 61bac51f-4f09-4ba4-985e-2dc1fb5105ad
2026-01-29 11:39:47,690 - WARNING - Skipping duplicate event: 6a4ff9a8-25fd-43b3-b78c-4ee51482c7c9
2026-01-29 11:39:47,701 - WARNING - Skipping duplicate event: 02f46324-9d62-424e-a496-f3cb24ea032b
2026-01-29 11:39:47,713 - WARNING - Skipping duplicate event: 12084ce0-f7cf-40a3-9944-2f8c79e78c44
2026-01-29 11:39:47,719 - WARNING - Skipping duplicate event: f95c7e3e-91de-446b-8890-d29a8b1799dd
2026-01-29 11:39:47,738 - WARNING - Skipping duplicate event: 14efa82c-dfcb-4489-8122-497f782bfc51
2026-01-29 11:39:47,763 - WARNING - Skipping duplicate event: 566268ff-5392-4ec5-b768-c6f1c3bb60eb
2026-01-29 11:39:47,768 - WARNING - Skipping duplicate event: 50120690-5f0f-4d13-8797-4b6d84eaaf4c
2026-01-29 11:39:47,768 - WARNING - Skipping duplicate event: d37693f4-21e7-49d8-9c46-ff2913923792
2026-01-29 11:39:47,780 - WARNING - Skipping duplicate event: 043b0333-0ef0-4ff1-b99e-df18bef8f91f
2026-01-29 11:39:47,798 - WARNING - Skipping duplicate event: 6b2a8e77-6baa-491e-9c8f-86ddb41a14b0
2026-01-29 11:53:19,951 - WARNING - Skipping duplicate event: 82fb6410-4590-44e4-aefa-22a81c9ed65d
2026-01-29 11:53:19,967 - WARNING - Skipping duplicate event: 11637628-14f3-4507-b3e8-bdc835b1953c
2026-01-29 11:53:19,975 - WARNING - Skipping duplicate event: d702b76e-ac0b-4ee7-a1f3-4b6d746eef84
2026-01-29 11:53:19,979 - WARNING - Skipping duplicate event: 1a20ab5e-a0c8-4fca-ae1e-ac952c68b1df
2026-01-29 11:53:20,006 - WARNING - Skipping duplicate event: 205cb33a-18ae-475f-b582-35f643ce8ece
2026-01-29 11:53:20,009 - WARNING - Skipping duplicate event: ce99c637-b616-4043-b9f5-c2fa7115d1ec
2026-01-29 11:53:20,034 - WARNING - Skipping duplicate event: 42baa460-f1d0-4f45-9efa-e1eac8245868
2026-01-29 11:53:20,058 - WARNING - Skipping duplicate event: ef10ff1f-e578-4b6e-828e-ef4bf73f7209
2026-01-29 11:53:20,060 - WARNING - Skipping duplicate event: b5ade2a1-ebd6-462e-bb43-af7862504368
2026-01-29 11:53:20,062 - WARNING - Skipping duplicate event: ec21dedb-e087-4571-bc3e-4271735e812d
2026-01-29 11:53:20,066 - WARNING - Skipping duplicate event: 3c64634c-e1d2-459a-b2b9-4727b29bdf7c
2026-01-29 11:53:20,070 - WARNING - Skipping duplicate event: 97176638-d27e-4742-8fce-40815efbe8e4
2026-01-29 11:53:20,077 - WARNING - Skipping duplicate event: 70713465-13ca-4333-b1c8-6d51d966f274
2026-01-29 11:53:20,077 - WARNING - Skipping duplicate event: 400d2854-1127-490e-a05d-067b6a76e906
2026-01-29 11:53:20,087 - WARNING - Skipping duplicate event: 0885d658-f395-42be-817f-412854b7661d
2026-01-29 11:53:20,108 - WARNING - Skipping duplicate event: dd8a5741-f8eb-4f45-88bb-76c3f483db39
2026-01-29 11:53:20,114 - WARNING - Skipping duplicate event: 8d4bcd09-3418-4981-9064-a680dc773a4a
2026-01-29 11:53:20,164 - WARNING - Skipping duplicate event: 0e50eb07-456b-48b0-8931-598d4125f3b8
2026-01-29 11:53:20,202 - WARNING - Skipping duplicate event: 35f9bbcc-d160-46d5-8662-1d4011124859
2026-01-29 11:53:20,206 - WARNING - Skipping duplicate event: e967c58e-01b2-490a-a8ed-faf2465dc788
2026-01-29 11:53:20,233 - WARNING - Skipping duplicate event: 4f8e932b-3909-4665-b84d-5e827397e313
2026-01-29 11:53:20,242 - WARNING - Skipping duplicate event: 64e4d54b-3991-4a46-9369-41e647d58a73
2026-01-29 11:53:20,274 - WARNING - Skipping duplicate event: e513cc94-4ba1-48d3-8e8a-c88952f791a9
2026-01-29 11:53:20,284 - WARNING - Skipping duplicate event: 504d9337-7062-458d-8a85-14a843368704
2026-01-29 11:53:20,302 - WARNING - Skipping duplicate event: b440e0e3-2f8a-43b8-b160-551361a7a242
2026-01-29 11:53:20,306 - WARNING - Skipping duplicate event: 95abfe9f-d359-4a24-bad2-e105232bba6f
2026-01-29 11:53:20,321 - WARNING - Skipping duplicate event: 1fb860cd-05e5-4f05-a354-7ba5d438d801
2026-01-29 11:53:20,360 - WARNING - Skipping duplicate event: a04ac7da-49c1-4ce7-8387-7856814dd0b8
2026-01-29 11:53:20,394 - WARNING - Skipping duplicate event: 38a7e749-13d4-4274-bb91-a8d0fc06f5f0
2026-01-29 11:53:20,417 - WARNING - Skipping duplicate event: 9a237082-a92e-4556-8833-4a16103fd866
2026-01-29 11:53:20,443 - WARNING - Skipping duplicate event: 677ef9bd-c58a-4e3e-ad37-2a9ab87bfeef
2026-01-29 11:53:20,454 - WARNING - Skipping duplicate event: ab4a0bcc-3f23-4db0-a20b-b8b601967566
2026-01-29 11:53:20,483 - WARNING - Skipping duplicate event: 8fcd6131-074f-473d-8845-d8362674e103
2026-01-29 11:53:20,493 - WARNING - Skipping duplicate event: 9c954ecb-0208-44bc-8df5-cdf77a16ebdc
2026-01-29 11:53:20,498 - WARNING - Skipping duplicate event: 250caf9d-73e4-4ed8-99ab-004e8f74ab86
2026-01-29 11:53:20,512 - WARNING - Skipping duplicate event: 8ddfed85-92da-4ed3-bc53-b5c1ef731295
2026-01-29 11:53:20,527 - WARNING - Skipping duplicate event: 19ef0277-70c5-45f1-8667-667705fb60eb
2026-01-29 11:53:20,537 - WARNING - Skipping duplicate event: a09f77be-716f-4e94-b644-f9855a39e841
2026-01-29 11:53:20,573 - WARNING - Skipping duplicate event: d5d507c0-c99b-434f-b34a-465dcde8fffa
2026-01-29 11:53:20,577 - WARNING - Skipping duplicate event: 962958e5-5bd2-4aee-b146-d6130dc58257
2026-01-29 11:53:20,581 - WARNING - Skipping duplicate event: 874f92c4-255e-4e35-9d6b-5d38dbaee9d0
2026-01-29 11:53:20,634 - WARNING - Skipping duplicate event: 9fa9cfdc-d426-41b3-be16-7cf4167482c7
2026-01-29 11:53:20,639 - WARNING - Skipping duplicate event: 382dfa9e-0160-4796-8786-fe2df93f5ca2
2026-01-29 11:53:20,651 - WARNING - Skipping duplicate event: 891b8fae-487a-4a56-bce5-b08a5016af61
2026-01-29 11:53:20,659 - WARNING - Skipping duplicate event: 28053e1b-6103-49dc-87b7-dd02e50e379b
2026-01-29 11:53:20,664 - WARNING - Skipping duplicate event: 441225bf-01c3-43c6-ba51-507995c93c17
2026-01-29 11:53:20,672 - WARNING - Skipping duplicate event: 379d1c8e-055d-455c-83ad-d1142e659c8c
2026-01-29 11:53:20,692 - WARNING - Skipping duplicate event: 441d560a-7506-4442-96fd-2081cf3ffb08
2026-01-29 11:53:20,695 - WARNING - Skipping duplicate event: defcb46e-5515-4e12-abe0-09be8032a30b
2026-01-29 11:53:20,708 - WARNING - Skipping duplicate event: 02501a22-d234-4dbc-8425-fab00f2a564f
2026-01-29 11:53:20,720 - WARNING - Skipping duplicate event: 69cabb1e-4d70-4cd6-a511-4a6e575204ec
2026-01-29 11:53:20,732 - WARNING - Skipping duplicate event: 95568163-fa18-4496-9d12-5d9402aa1242
2026-01-29 11:53:20,735 - WARNING - Skipping duplicate event: b1a3d44b-0244-4dcd-9c43-81c422a0f65f
2026-01-29 11:53:20,744 - WARNING - Skipping duplicate event: 39099540-4d40-4ee2-9bf6-e4b25c71d633
2026-01-29 11:53:20,773 - WARNING - Skipping duplicate event: bea3d4f5-b25c-4c92-a455-e66f319e813e
2026-01-29 11:53:20,816 - WARNING - Skipping duplicate event: 6d208025-7cc5-4485-8b23-5c3b2b8942a4
2026-01-29 11:53:20,862 - WARNING - Skipping duplicate event: de2cc6c0-fa39-4649-b74f-9cdf8bc970c5
2026-01-29 11:53:20,887 - WARNING - Skipping duplicate event: ebe0768f-b830-4191-a877-b63032fa663a
2026-01-29 11:53:20,910 - WARNING - Skipping duplicate event: ff3b029f-ba13-4a0e-8e4f-d6f7516f033e
2026-01-29 11:53:20,929 - WARNING - Skipping duplicate event: 2672bce6-dffb-40b4-8859-217450b3ad41
2026-01-29 11:53:20,931 - WARNING - Skipping duplicate event: cda0c2f3-f932-41d7-94ad-709bcff0d016
2026-01-29 11:53:20,939 - WARNING - Skipping duplicate event: 04393cfe-dc37-4efa-83c3-c4212fd07a36
2026-01-29 11:53:20,946 - WARNING - Skipping duplicate event: 4806da77-40f0-4835-b2f7-d9311c25987f
2026-01-29 11:53:20,950 - WARNING - Skipping duplicate event: b02abb20-a67e-489a-b15f-bfccdc874d19
2026-01-29 11:53:20,952 - WARNING - Skipping duplicate event: b9c6a5a1-c75b-469d-a8aa-8f4d719a692a
2026-01-29 11:53:20,954 - WARNING - Skipping duplicate event: 959deeb8-09e1-407b-abf8-6fd08cce6319
2026-01-29 11:53:20,964 - WARNING - Skipping duplicate event: 50dcd9de-2b81-4e06-9b68-f60f76d2df3f
2026-01-29 11:53:20,978 - WARNING - Skipping duplicate event: 0ee9368b-e4c3-4ea8-90ee-ad5d25fb3f1a
2026-01-29 11:53:21,091 - WARNING - Skipping duplicate event: 0f138c60-61a8-4ad7-bc35-44204f956a4e
2026-01-29 11:53:21,095 - WARNING - Skipping duplicate event: df0bb868-66a0-4e33-92a1-6f4f34c549ee
2026-01-29 11:53:21,100 - WARNING - Skipping duplicate event: bd1758e8-7b10-4899-bbad-648d31b07f39
2026-01-29 11:53:21,131 - WARNING - Skipping duplicate event: 1a486889-0dc3-4e26-aef9-d97cd9d411c9
2026-01-29 11:53:21,135 - WARNING - Skipping duplicate event: 9c3799d1-ffbd-4917-82bb-87887d9e282e
2026-01-29 11:53:21,137 - WARNING - Skipping duplicate event: 8308ba07-e60c-4166-ad5c-5985b5246564
2026-01-29 11:53:21,146 - WARNING - Skipping duplicate event: 609a3502-5cdd-4a99-b3be-827b54bd0928
2026-01-29 11:53:21,151 - WARNING - Skipping duplicate event: 3cd1420c-8fe6-44c9-94eb-6e3045b5d284
2026-01-29 11:53:21,162 - WARNING - Skipping duplicate event: fd765875-2a70-4859-ad2e-32c74b23139d
2026-01-29 11:53:21,168 - WARNING - Skipping duplicate event: 745e373c-d614-4ac6-9148-daa6b0d8257a
2026-01-29 11:53:21,195 - WARNING - Skipping duplicate event: ee4b9e61-2019-4f48-9c26-eb75ab2ebbf4
2026-01-29 11:53:21,218 - WARNING - Skipping duplicate event: cf2feba0-415a-4e44-9abf-68eaec6c7702
2026-01-29 11:53:21,231 - WARNING - Skipping duplicate event: 9ab8a509-fe3f-469f-a3dd-35fe9c87fe65
2026-01-29 11:53:21,233 - WARNING - Skipping duplicate event: ad267e92-f5fa-474f-8dc8-b84c32dc4933
2026-01-29 11:53:21,248 - WARNING - Skipping duplicate event: 56288c69-93bf-45fe-8f34-b69b1386e978
2026-01-29 11:53:21,254 - WARNING - Skipping duplicate event: d349709a-b44f-4d2a-b4c0-b19419bc8715
2026-01-29 11:53:21,261 - WARNING - Skipping duplicate event: 9edb8e37-3c23-4b2e-a358-06df8648ec79
2026-01-29 11:53:21,315 - WARNING - Skipping duplicate event: 57a67705-5ad6-4caf-92af-8c03871856a7
2026-01-29 11:53:21,316 - WARNING - Skipping duplicate event: 7f87fa66-e4eb-43da-9fa4-eb30e5726784
2026-01-29 11:53:21,324 - WARNING - Skipping duplicate event: a09ca55d-f80e-4b70-817a-39ae7f00c854
2026-01-29 11:53:21,342 - WARNING - Skipping duplicate event: 36ae7bfc-6bac-4cd4-9512-03e68bf53b0a
2026-01-29 11:53:21,345 - WARNING - Skipping duplicate event: c0e7a015-1292-4524-aed4-18122fa814e7
2026-01-29 11:53:21,396 - WARNING - Skipping duplicate event: 51dd462c-d034-4771-a327-739ed334fb5c
2026-01-29 11:53:21,399 - WARNING - Skipping duplicate event: d4a3a168-127d-410c-a144-d8583f72b34c
2026-01-29 11:53:21,402 - WARNING - Skipping duplicate event: 2767ec3a-44af-407a-91b5-e05bfddc97c9
2026-01-29 11:53:21,406 - WARNING - Skipping duplicate event: 14a67af3-54b9-49d9-8e66-9b3d1a3e5e12
2026-01-29 11:53:21,410 - WARNING - Skipping duplicate event: b02172c1-9c55-48c4-a333-e1d02ed9ea64
2026-01-29 11:53:21,418 - WARNING - Skipping duplicate event: 1380e8dd-b004-4296-8566-1a5f6958dab8
2026-01-29 11:53:21,422 - WARNING - Skipping duplicate event: c8993afa-cc44-4fe7-92cb-772b5ba557c8
2026-01-29 11:53:21,428 - WARNING - Skipping duplicate event: 3550118e-20d3-48f9-853f-a0ee00518d18
2026-01-29 11:53:21,435 - WARNING - Skipping duplicate event: 35a078dc-0ab3-4226-b2ad-fbf1e0f6449b
2026-01-29 11:53:21,439 - WARNING - Skipping duplicate event: 687ba61d-fd9c-4499-92a2-7380479c456c
2026-01-29 11:53:21,443 - WARNING - Skipping duplicate event: e71e5f07-ef70-4bc2-bb4b-3133d8d7b68d
2026-01-29 11:53:21,446 - WARNING - Skipping duplicate event: 1f40d3cb-3c73-477f-8f78-440b7b59e347
2026-01-29 11:53:21,461 - WARNING - Skipping duplicate event: f5a2cc1a-d06a-454d-b838-c38695de0b00
2026-01-29 11:53:21,463 - WARNING - Skipping duplicate event: 97842854-1116-4598-a66e-c13356b2fd48
2026-01-29 11:53:21,518 - WARNING - Skipping duplicate event: 648fdac3-baea-4caa-8a3f-d67d19f6e234
2026-01-29 11:53:21,543 - WARNING - Skipping duplicate event: 2caa62c0-5fc8-4359-8125-669564d8a97d
2026-01-29 11:53:21,567 - WARNING - Skipping duplicate event: 58d58c5d-03d8-40fb-91bc-9acfe750a358
2026-01-29 11:53:21,579 - WARNING - Skipping duplicate event: ba01a6f2-f62c-4973-8d4b-721e8fae777a
2026-01-29 11:53:21,581 - WARNING - Skipping duplicate event: b71f72b3-0ec1-4e4f-9a87-1a652b416b89
2026-01-29 11:53:21,596 - WARNING - Skipping duplicate event: 2a8428b9-3823-43b9-9fa5-61a6f9fd3cb8
2026-01-29 11:53:21,604 - WARNING - Skipping duplicate event: 1bfe2862-ebb8-498f-a830-652b0c08b08d
2026-01-29 11:53:21,615 - WARNING - Skipping duplicate event: 0e211b65-b81c-431c-94fa-e25544915cf7
2026-01-29 11:53:21,630 - WARNING - Skipping duplicate event: 282bbc19-8ea2-4601-8496-5331fd739f4d
2026-01-29 11:53:21,637 - WARNING - Skipping duplicate event: 7f447582-abbb-411b-ba18-20869bb85f88
2026-01-29 11:53:21,661 - WARNING - Skipping duplicate event: a605d270-05e1-4316-8ccc-f4ffa1e6e9f5
2026-01-29 11:53:21,672 - WARNING - Skipping duplicate event: 7202a9b3-1c53-419b-a728-4d740a3441b1
2026-01-29 11:53:21,718 - WARNING - Skipping duplicate event: 5a582666-2536-4c22-8d91-9e23cb519509
2026-01-29 11:53:21,722 - WARNING - Skipping duplicate event: 62632596-46ea-418c-aa3b-a7360399c0d8
2026-01-29 11:53:21,726 - WARNING - Skipping duplicate event: d61a45a8-8d19-4957-9035-187354f635a8
2026-01-29 11:53:21,730 - WARNING - Skipping duplicate event: 5862d719-4a84-4181-ab84-359a5c2dd7f1
2026-01-29 11:53:21,732 - WARNING - Skipping duplicate event: c19baa7f-8d1e-47c8-91a4-e7e5395cd33d
2026-01-29 11:53:21,758 - WARNING - Skipping duplicate event: ecbf49d8-7f12-4b9b-ba14-d4298e1f9eb4
2026-01-29 11:53:21,761 - WARNING - Skipping duplicate event: 0211d852-69de-41a5-bfcb-cf35b5f94608
2026-01-29 11:53:21,769 - WARNING - Skipping duplicate event: 22b1ec86-1bcf-4041-8b93-5ff8e4abb58f
2026-01-29 11:53:21,780 - WARNING - Skipping duplicate event: 63cc3b50-31cc-440b-a8d0-a23150f9d47f
2026-01-29 11:53:21,794 - WARNING - Skipping duplicate event: 3194978f-2804-43da-b196-e08a58acb62d
2026-01-29 11:53:21,817 - WARNING - Skipping duplicate event: d3fcd7ae-f887-493c-9258-38fabf316a84
2026-01-29 11:53:21,818 - WARNING - Skipping duplicate event: a04bd530-0db6-46f6-a3eb-2e16d691b11b
2026-01-29 11:53:21,828 - WARNING - Skipping duplicate event: be5aaa51-4408-4bd2-8c38-8e30456bc908
2026-01-29 11:53:21,850 - WARNING - Skipping duplicate event: 54b5a947-2679-4248-87b7-1b3d003f319e
2026-01-29 11:53:21,872 - WARNING - Skipping duplicate event: 71eac2ef-5dbc-438d-9355-45f359fe55b3
2026-01-29 11:53:21,883 - WARNING - Skipping duplicate event: 69c8de17-f50f-4d4c-95e1-63100f6fa5b3
2026-01-29 11:53:21,899 - WARNING - Skipping duplicate event: 2afd09ac-31ad-440f-a83f-cbc6b69e51af
2026-01-29 11:53:21,981 - WARNING - Skipping duplicate event: 5bb0e859-ddcb-474e-81da-969c0e5f2b3a
2026-01-29 11:53:21,999 - WARNING - Skipping duplicate event: 847b7cc9-cd7c-4053-adb8-efe2ef40404c
2026-01-29 11:53:22,364 - WARNING - Skipping duplicate event: 6ff84283-2149-4555-83a5-ef194a4cf99f
2026-01-29 11:53:22,385 - WARNING - Skipping duplicate event: 59109860-add6-424b-aeaa-9fc6c65c2f00
2026-01-29 11:53:22,469 - WARNING - Skipping duplicate event: 70fc3688-bdbc-4adf-a418-7dbde5169c7f
2026-01-29 11:53:22,508 - WARNING - Skipping duplicate event: ffd39078-0f92-488b-a15e-1c6e87923588
2026-01-29 11:53:22,514 - WARNING - Skipping duplicate event: 62b98a90-7807-42d2-ab6c-45b582f6aaa9
2026-01-29 11:53:22,521 - WARNING - Skipping duplicate event: d1e5d964-9e40-4a06-a716-cdaa3c359f12
2026-01-29 11:53:22,524 - WARNING - Skipping duplicate event: 8790fe73-eb0f-46c5-a339-541f197b5958
2026-01-29 11:53:22,528 - WARNING - Skipping duplicate event: f08aa57a-2539-4ece-81ee-470f8cc490c4
2026-01-29 11:53:22,545 - WARNING - Skipping duplicate event: c64ddc31-6734-47a1-8764-d7ec4502699c
2026-01-29 11:53:22,547 - WARNING - Skipping duplicate event: d20f5316-b702-451c-a92b-4dfe71551744
2026-01-29 11:53:22,565 - WARNING - Skipping duplicate event: b47b1b8b-5256-4cae-9c55-8f170cf0fb57
2026-01-29 11:53:22,585 - WARNING - Skipping duplicate event: 002a2965-c616-4689-aa82-df7db1e58504
2026-01-29 11:53:22,597 - WARNING - Skipping duplicate event: bfc7c28c-e6f1-441d-8f6b-17b5d2eac34a
2026-01-29 11:53:22,606 - WARNING - Skipping duplicate event: 709c297c-1a83-4b98-92d3-a65f0f7b3d16
2026-01-29 11:53:22,618 - WARNING - Skipping duplicate event: be3c2d95-dcfb-4651-80f1-4e9293ad288e
2026-01-29 11:53:22,623 - WARNING - Skipping duplicate event: 5e898b5e-1964-4129-9b36-f36fa7faa24b
2026-01-29 11:53:22,638 - WARNING - Skipping duplicate event: ad0c0703-81c0-4ed8-b7e2-144b50369bc3
2026-01-29 11:53:22,643 - WARNING - Skipping duplicate event: dc6ed078-7ec3-4254-88ec-3a9b2105633f
2026-01-29 11:53:22,650 - WARNING - Skipping duplicate event: 25f0ee9f-f732-4a2d-b030-ebdefcbba874
2026-01-29 11:53:22,666 - WARNING - Skipping duplicate event: 4b4a9e41-306e-4706-9104-41cca16965b7
2026-01-29 11:53:22,673 - WARNING - Skipping duplicate event: 390612bf-0305-49ec-844c-c5be37ba8850
2026-01-29 11:53:22,685 - WARNING - Skipping duplicate event: 9cafda92-2b99-4af7-bc0f-e3039fa9c3fa
2026-01-29 11:53:22,717 - WARNING - Skipping duplicate event: f7732129-e27c-4458-b0f6-0ae2262c95cf
2026-01-29 11:53:22,721 - WARNING - Skipping duplicate event: 9b4c8f11-4d41-48c6-8c7a-597b9e7aa824
2026-01-29 11:53:22,733 - WARNING - Skipping duplicate event: c648ec25-d610-4654-a29c-efcbc934b2b9
2026-01-29 11:53:22,748 - WARNING - Skipping duplicate event: 495b232c-dc6e-4f94-8ee9-57923e7720cd
2026-01-29 11:53:22,815 - WARNING - Skipping duplicate event: 6067a58d-1e30-4297-ba8c-428f5199df77
2026-01-29 11:53:22,841 - WARNING - Skipping duplicate event: 555adc0d-e74a-42c4-a8e3-0653b45a2af0
2026-01-29 11:53:22,905 - WARNING - Skipping duplicate event: e5e5aa01-9eb7-4a09-ab9e-308160dfa779
2026-01-29 11:53:22,924 - WARNING - Skipping duplicate event: 1d4eface-e431-4bf5-b7c2-40ca062b8490
2026-01-29 11:53:22,944 - WARNING - Skipping duplicate event: a778c9b6-8306-492b-9071-5016b80aec85
2026-01-29 11:53:22,953 - WARNING - Skipping duplicate event: aacaf439-7302-47cd-8967-bc578b679b4c
2026-01-29 11:53:22,983 - WARNING - Skipping duplicate event: c0e43fac-2b1f-4d71-8ddf-c6cfe65a98ec
2026-01-29 11:53:22,986 - WARNING - Skipping duplicate event: 4465a22d-fc54-40f6-bbe3-3fc221529535
2026-01-29 11:53:22,993 - WARNING - Skipping duplicate event: e7ce892b-119e-4f08-867e-dd0139bcadbe
2026-01-29 11:53:23,018 - WARNING - Skipping duplicate event: 1d60f0ff-d03f-4393-9d81-566052efd016
2026-01-29 11:53:23,023 - WARNING - Skipping duplicate event: fc93fc86-d744-4f76-a89f-ea870c3ac9fa
2026-01-29 11:53:23,027 - WARNING - Skipping duplicate event: 7dad6ee5-3144-45b4-936f-7e6ae0fd66fe
2026-01-29 11:53:23,033 - WARNING - Skipping duplicate event: a5c3db3c-fdba-46d8-beba-c4df941b0fe1
2026-01-29 11:53:23,041 - WARNING - Skipping duplicate event: 030c0c74-d3b7-48bf-8272-c45da9f58d1e
2026-01-29 11:53:23,047 - WARNING - Skipping duplicate event: fbd6f97d-111c-4c6a-bdec-58f7fa5c2672
2026-01-29 11:53:23,048 - WARNING - Skipping duplicate event: aeba07a7-7a6e-4301-a1a6-a6c306749d50
2026-01-29 11:53:23,066 - WARNING - Skipping duplicate event: 45e3575e-b0ee-40e4-8c6a-a7b8f62a5a28
2026-01-29 11:53:23,068 - WARNING - Skipping duplicate event: eb9ebb38-6085-44e7-a5ef-b8ab086af8ef
2026-01-29 11:53:23,094 - WARNING - Skipping duplicate event: 979f303d-9fb5-4d98-9d3b-fdfd13a2bdc8
2026-01-29 11:53:23,100 - WARNING - Skipping duplicate event: a0418273-fcdc-4bad-88fc-139acc19994c
2026-01-29 11:53:23,115 - WARNING - Skipping duplicate event: 63937dcd-a398-4d1d-a5a0-933f95f049e7
2026-01-29 11:53:23,141 - WARNING - Skipping duplicate event: f179a6df-ae7e-4b4c-a0c3-a70c0f570c56
2026-01-29 11:53:23,154 - WARNING - Skipping duplicate event: 7fea4345-efc6-4c4f-96b3-2c87eb2e2245
2026-01-29 11:53:23,187 - WARNING - Skipping duplicate event: ec7daea7-9a7c-4952-a672-d79bde653bff
2026-01-29 11:53:23,194 - WARNING - Skipping duplicate event: f75fe8a1-32d4-4d74-ba58-1a3f88d7f96c
2026-01-29 11:53:23,218 - WARNING - Skipping duplicate event: e472664c-8bef-4f5d-a037-4953b25eec92
2026-01-29 11:53:23,221 - WARNING - Skipping duplicate event: 72840ce4-0972-40bd-b818-24e6d424d8d4
2026-01-29 11:53:23,227 - WARNING - Skipping duplicate event: 6837e631-4fe2-4c4c-b386-5016237a02a1
2026-01-29 11:53:23,250 - WARNING - Skipping duplicate event: 674f7ec7-8603-4772-ac44-692f145d3e3d
2026-01-29 11:53:23,270 - WARNING - Skipping duplicate event: c81bab97-5085-43fb-aa8c-1aaa93a487b1
2026-01-29 11:53:23,275 - WARNING - Skipping duplicate event: 97299751-bed7-4050-a0c9-5996284b644d
2026-01-29 11:53:23,293 - WARNING - Skipping duplicate event: d3785a74-7241-414b-ac73-c2c43f70ffb4
2026-01-29 11:53:23,308 - WARNING - Skipping duplicate event: e6c03d45-c5e2-4c6f-8dad-3d4c3e7ad964
2026-01-29 11:53:23,310 - WARNING - Skipping duplicate event: e7030978-5e75-4b01-aa73-f9f1bec4f086
2026-01-29 11:53:23,314 - WARNING - Skipping duplicate event: cad0786f-d2a3-4212-bb61-f0d87e95ba37
2026-01-29 11:53:23,341 - WARNING - Skipping duplicate event: 2236aa6f-6d79-44c2-bbb2-ac0f5ca0c7a9
2026-01-29 11:53:23,346 - WARNING - Skipping duplicate event: 116f5c94-1ccb-41ae-a71b-d25407025b5c
2026-01-29 12:11:21,484 - WARNING - Skipping duplicate event: 2b056b54-4081-4abe-9ffc-31de8715bb1f
2026-01-29 12:11:21,488 - WARNING - Skipping duplicate event: d2a738c6-f589-4194-93af-cfcd85a85d8c
2026-01-29 12:11:21,491 - WARNING - Skipping duplicate event: 8f33b152-192c-45cf-bd2c-e63b113ea332
2026-01-29 12:12:12,535 - WARNING - Skipping duplicate event: b06df521-f843-4693-8a2e-45d569452f56
2026-01-29 12:12:12,551 - WARNING - Skipping duplicate event: 81425686-2351-4901-add8-716d7a870963
2026-01-29 12:12:24,749 - WARNING - Skipping duplicate event: 6c563bf2-95e2-4f58-971d-1b9ca0e68435
2026-01-29 12:12:24,764 - WARNING - Skipping duplicate event: 3f2f9542-a07a-4a92-8a13-61c6018ef47c
2026-01-29 12:12:24,764 - WARNING - Skipping duplicate event: a3e6d5f9-00d9-45dc-a91a-56d6b3efdea9
2026-01-29 12:12:24,779 - WARNING - Skipping duplicate event: 2abe8454-97a5-4a20-a478-14f17ed9918c
2026-01-29 12:12:24,787 - WARNING - Skipping duplicate event: 89055b2e-80b2-43b9-b81f-3a6222e7d106
2026-01-29 12:12:24,787 - WARNING - Skipping duplicate event: 93e40e67-1006-4d8d-9cbb-c79937aad830
2026-01-29 12:13:02,341 - WARNING - Skipping duplicate event: 9f50f8ae-cec7-4330-98f8-1eae7312b93c
2026-01-29 12:13:02,354 - WARNING - Skipping duplicate event: 6e56042c-fbd9-4981-be27-815a4205376f
2026-01-29 12:13:02,391 - WARNING - Skipping duplicate event: fab9a63d-f799-45d1-bfeb-0f1da97a2ba0
2026-01-29 12:13:02,401 - WARNING - Skipping duplicate event: 0173569c-d29c-4584-bcf6-c4c5fbec7167
2026-01-29 12:13:02,404 - WARNING - Skipping duplicate event: dbc6100c-67cd-4aa6-9d03-105d219c37e1
2026-01-29 12:13:02,406 - WARNING - Skipping duplicate event: 2b29aade-a0ec-4084-b3f1-09d87435f602
2026-01-29 12:13:02,425 - WARNING - Skipping duplicate event: 9c3349b5-703a-42ce-bc24-096ac5b82bce
2026-01-29 12:13:02,442 - WARNING - Skipping duplicate event: 597683db-4c8f-427c-9940-60c6f42a8d8f
2026-01-29 12:13:02,442 - WARNING - Skipping duplicate event: 33b6bfa7-484c-40a9-a89e-d4ec7e9a8603
2026-01-29 12:13:02,458 - WARNING - Skipping duplicate event: 34997427-6cab-4d11-824c-6284b5668198
2026-01-29 12:13:02,475 - WARNING - Skipping duplicate event: 03931b2d-9c2a-4c52-89a1-9e792d15fdeb
2026-01-29 12:13:02,488 - WARNING - Skipping duplicate event: e2e41c7d-bb3c-4c9b-a270-2000a9de70c2
2026-01-29 12:13:02,492 - WARNING - Skipping duplicate event: 011c710a-8f42-429e-a7f9-aa68f9a935d6
2026-01-29 12:13:02,498 - WARNING - Skipping duplicate event: 0f58930c-c2a0-4909-b2e2-552fd8cd94a7
2026-01-29 12:13:02,500 - WARNING - Skipping duplicate event: 82b63f87-744d-4af5-805f-3d3820998528
2026-01-29 12:13:02,505 - WARNING - Skipping duplicate event: 9eb2af6a-cbe2-4bcf-8075-2b677b7798b3
2026-01-29 12:13:02,506 - WARNING - Skipping duplicate event: 4e7ca849-94bf-4661-914e-49b0a8399215
2026-01-29 12:13:02,514 - WARNING - Skipping duplicate event: da0c2c59-16de-4e6f-98a1-fb2b8468134e
2026-01-29 12:13:02,535 - WARNING - Skipping duplicate event: cf970587-7bbd-454c-ae1d-351c955b3fab
2026-01-29 12:13:02,541 - WARNING - Skipping duplicate event: b2f0f43c-9fb5-4f6b-8d2a-4d5edc034ca3
2026-01-29 12:13:02,541 - WARNING - Skipping duplicate event: cbae23d4-c72e-488f-b248-e90cc626548e
2026-01-29 12:13:02,541 - WARNING - Skipping duplicate event: 04645199-094d-479a-8767-1fac473764be
2026-01-29 12:13:02,558 - WARNING - Skipping duplicate event: d11c20ca-d4a4-4869-83da-8e2b694d1391
2026-01-29 12:13:02,565 - WARNING - Skipping duplicate event: b62a560e-c596-4f1d-a1c5-6efb3d1f95f5
2026-01-29 12:13:02,579 - WARNING - Skipping duplicate event: 3848dc82-1f4a-4c33-82b3-ecb997aa4bad
2026-01-29 12:13:02,583 - WARNING - Skipping duplicate event: 7e9cb8dc-2d65-4f20-9dab-04bafd146787
2026-01-29 12:13:02,599 - WARNING - Skipping duplicate event: 574ef4b0-8d7c-4cc3-8fde-58164ec689ec
2026-01-29 12:13:02,608 - WARNING - Skipping duplicate event: af9fc3be-fe6b-4d88-867b-bc6efe34e191
2026-01-29 12:13:02,613 - WARNING - Skipping duplicate event: a447cd47-af7e-44c2-ab12-d7f7437eebc3
2026-01-29 12:13:02,618 - WARNING - Skipping duplicate event: 9bc68b76-235c-4218-956d-afed86722488
2026-01-29 12:13:02,639 - WARNING - Skipping duplicate event: 3b602f54-280b-4e27-aafb-38607bc990c2
2026-01-29 12:13:02,647 - WARNING - Skipping duplicate event: e02f60e1-86f1-4b84-b4f9-7f7522a303b9
2026-01-29 12:13:02,650 - WARNING - Skipping duplicate event: 4726a9ba-fa0c-4f8d-9287-9e0b19eb2469
2026-01-29 12:13:02,658 - WARNING - Skipping duplicate event: ca2582a8-e067-4ab7-b289-d609af3d33a3
2026-01-29 12:13:02,685 - WARNING - Skipping duplicate event: 5b64b136-322e-4467-a2ff-8967ba5c9193
2026-01-29 12:13:02,692 - WARNING - Skipping duplicate event: 83dedd6a-e13a-43c4-8b35-be0728d061e0
2026-01-29 12:13:02,696 - WARNING - Skipping duplicate event: 71f35cfa-4940-4d4c-a7ed-736eff617cdf
2026-01-29 12:13:02,701 - WARNING - Skipping duplicate event: f776b399-404e-461d-a1dc-c9573d88de0b
2026-01-29 12:13:02,707 - WARNING - Skipping duplicate event: 3200987e-a724-47c3-a4fc-13025895b43c
2026-01-29 12:13:02,716 - WARNING - Skipping duplicate event: 21f67d21-62b2-45a7-833c-af2a2091e209
2026-01-29 12:13:02,720 - WARNING - Skipping duplicate event: 6fff59ab-d270-416a-8045-b00362d06634
2026-01-29 12:13:02,725 - WARNING - Skipping duplicate event: 91c162cb-91cd-4b48-b6d1-6e4d69f43935
2026-01-29 12:13:02,732 - WARNING - Skipping duplicate event: b466979d-3f25-4b6a-be42-72806aae0510
2026-01-29 12:13:02,764 - WARNING - Skipping duplicate event: a345eb61-0d94-4a69-9c95-ec120d75406e
2026-01-29 12:13:02,768 - WARNING - Skipping duplicate event: 95a8e10c-f507-4406-8452-b38fdc2c0108
2026-01-29 12:13:02,771 - WARNING - Skipping duplicate event: 3dd29724-0dc8-4bb8-b892-e2e9724bec67
2026-01-29 12:13:02,783 - WARNING - Skipping duplicate event: f37264a2-d6f6-44ea-a523-2786c68ead9b
2026-01-29 12:13:02,784 - WARNING - Skipping duplicate event: 8414cee6-dc40-4302-99b3-36cbb4698893
2026-01-29 12:13:02,806 - WARNING - Skipping duplicate event: b04a7056-5579-4fc0-8ca8-5d651b75d8da
2026-01-29 12:13:02,817 - WARNING - Skipping duplicate event: 0d303699-f80a-4cbf-b361-ebad768e2ca4
2026-01-29 12:13:02,841 - WARNING - Skipping duplicate event: 98180468-b9bb-4b50-be72-5fbf1910c0bb
2026-01-29 12:13:02,847 - WARNING - Skipping duplicate event: 9f9d518e-dd5c-4f89-bdc1-e847860e49ac
2026-01-29 12:13:02,864 - WARNING - Skipping duplicate event: 50dcf32c-86e9-4f56-b42a-30408f18d02c
2026-01-29 12:13:02,867 - WARNING - Skipping duplicate event: 9717d0f0-dcdb-4ff9-a296-f571d1ec5631
2026-01-29 12:13:02,881 - WARNING - Skipping duplicate event: abc7161c-e2a2-46a9-a90e-464b51305336
2026-01-29 12:13:02,885 - WARNING - Skipping duplicate event: db6e7b62-919b-4ceb-971d-da0cbe08af5b
2026-01-29 12:13:02,897 - WARNING - Skipping duplicate event: 9a17d283-e9be-409c-bf7c-19e5b73b0dbe
2026-01-29 12:13:02,987 - WARNING - Skipping duplicate event: b286664e-1afa-41df-9648-09936eef18dd
2026-01-29 12:13:03,026 - WARNING - Skipping duplicate event: eca7b90f-0f22-4003-9a7a-3eaa24f859a9
2026-01-29 12:13:03,042 - WARNING - Skipping duplicate event: d1d52f31-fa64-4e5e-b765-1e7e029479b1
2026-01-29 12:13:03,066 - WARNING - Skipping duplicate event: 9b3fa512-1c60-45ec-82e9-6d46f6f45d37
2026-01-29 12:13:03,066 - WARNING - Skipping duplicate event: a55bfb8b-111c-44a7-9e20-0fd8b461bb58
2026-01-29 12:13:03,073 - WARNING - Skipping duplicate event: e5bb6b96-b4ef-43c2-904a-921441950b47
2026-01-29 12:13:03,076 - WARNING - Skipping duplicate event: 99e4f0a0-f75c-4f94-8d3f-d7128a442faa
2026-01-29 12:13:03,088 - WARNING - Skipping duplicate event: a7ad5971-2a24-496d-9785-1e3aed3f2ee6
2026-01-29 12:13:03,098 - WARNING - Skipping duplicate event: 853e2f82-5d37-41fc-ae9c-58c8f839a192
2026-01-29 12:13:03,149 - WARNING - Skipping duplicate event: e3b663d5-a457-4a8e-8f2e-138de6f0dca9
2026-01-29 12:13:03,153 - WARNING - Skipping duplicate event: f0c70d63-9afe-4274-939f-3391e95433d4
2026-01-29 12:13:03,162 - WARNING - Skipping duplicate event: e0ff0cc3-01cb-481e-8d26-299eafed334a
2026-01-29 12:13:03,169 - WARNING - Skipping duplicate event: 89e7c90b-e9b5-4e3f-87a3-b349d6011ee3
2026-01-29 12:13:03,169 - WARNING - Skipping duplicate event: 3bc7e81e-b0dd-4735-bda6-5b07f51ccf06
2026-01-29 12:13:03,189 - WARNING - Skipping duplicate event: 41035355-8052-4c76-8cd3-87ea8309fc46
2026-01-29 12:13:03,200 - WARNING - Skipping duplicate event: 1db3ea62-7056-4a82-90e4-360e799d4fc4
2026-01-29 12:13:03,211 - WARNING - Skipping duplicate event: 6fb601ed-63cc-4e70-8106-99578a1c8b82
2026-01-29 12:13:03,222 - WARNING - Skipping duplicate event: 7329c07b-4b70-4aae-af2b-eeb398363aac
2026-01-29 12:13:03,240 - WARNING - Skipping duplicate event: 0a94e8f3-345c-498f-a524-7e250ab355cc
2026-01-29 12:13:03,247 - WARNING - Skipping duplicate event: 130bc1b5-60ad-4f80-ac10-a0b57a002652
2026-01-29 12:13:03,261 - WARNING - Skipping duplicate event: 1523b9fd-f82b-44fe-95d7-5050e7dc9ac2
2026-01-29 12:13:03,294 - WARNING - Skipping duplicate event: a4ecea99-d39a-4bae-9998-6089f181d580
2026-01-29 12:13:03,312 - WARNING - Skipping duplicate event: 83290614-fc1e-4dae-a412-d3d4be9a7d9c
2026-01-29 12:13:03,328 - WARNING - Skipping duplicate event: 775802e4-937d-4785-b088-405badd775ed
2026-01-29 12:13:03,354 - WARNING - Skipping duplicate event: 2458b9ae-0707-409d-b458-9ee4a08bd369
2026-01-29 12:13:03,366 - WARNING - Skipping duplicate event: ef672747-8995-4ada-b13a-53869bf8bd2f
2026-01-29 12:13:03,371 - WARNING - Skipping duplicate event: c22c4046-6e30-4313-8a1b-06141c0708a6
2026-01-29 12:13:03,382 - WARNING - Skipping duplicate event: 7bdffb0a-aaa5-4df4-a11b-0f044727f175
2026-01-29 12:13:03,392 - WARNING - Skipping duplicate event: 89776768-8f50-4437-9b98-6f29ef132110
2026-01-29 12:13:03,396 - WARNING - Skipping duplicate event: c3fea373-327c-497c-a9a5-962f9da1de67
2026-01-29 12:13:03,398 - WARNING - Skipping duplicate event: ba2a8cce-ffe2-4f47-9cd1-545cb88dd30e
2026-01-29 12:13:03,402 - WARNING - Skipping duplicate event: 2f54f98a-69e8-47e8-a3fb-319db467fe3d
2026-01-29 12:13:03,409 - WARNING - Skipping duplicate event: 5e524d3a-d554-4f14-9026-62f545995b8d
2026-01-29 12:13:03,418 - WARNING - Skipping duplicate event: c67aa998-69b3-4cd6-bc02-1c5b75726118
2026-01-29 12:13:03,420 - WARNING - Skipping duplicate event: fb831128-1681-41d0-8823-f4b34096c7de
2026-01-29 12:13:03,433 - WARNING - Skipping duplicate event: fd2771d5-9cb5-470d-9112-add752bbb598
2026-01-29 12:13:03,442 - WARNING - Skipping duplicate event: ccdda5f4-1790-492a-9f1f-a35d05e421e3
2026-01-29 12:13:03,457 - WARNING - Skipping duplicate event: f0bce657-5743-4280-9b3c-be4756105138
2026-01-29 12:13:03,474 - WARNING - Skipping duplicate event: d60a984e-c081-4b76-a8b1-a1d55c73af55
2026-01-29 12:13:03,482 - WARNING - Skipping duplicate event: 4a6592a9-6b73-4292-b0e9-3953151fd0b7
2026-01-29 12:13:03,486 - WARNING - Skipping duplicate event: defe0723-b493-4c14-8b65-e57c2c9820f9
2026-01-29 12:13:03,489 - WARNING - Skipping duplicate event: 22a2ae57-5a67-4353-8c84-b911d5352c37
2026-01-29 12:13:03,503 - WARNING - Skipping duplicate event: fef992a2-022e-44ee-87bc-cc74fcd6b116
2026-01-29 12:13:03,503 - WARNING - Skipping duplicate event: 26fdb306-977c-4a12-a043-0df8fd66075e
2026-01-29 12:13:03,521 - WARNING - Skipping duplicate event: 361717ad-1ebd-4bbb-b168-abf810694ef0
2026-01-29 12:13:03,523 - WARNING - Skipping duplicate event: 77849a7f-5f13-4bf8-b5f0-51aeff9391f9
2026-01-29 12:13:03,528 - WARNING - Skipping duplicate event: d07d52d7-76a8-4022-a24d-800afb655d5b
2026-01-29 12:13:03,534 - WARNING - Skipping duplicate event: 7296fad9-d3db-4457-b894-036aaba2d629
2026-01-29 12:13:03,541 - WARNING - Skipping duplicate event: 74c83ef4-a060-4c8a-b6ba-e4f69833a7a9
2026-01-29 12:13:03,551 - WARNING - Skipping duplicate event: f59e7d28-059b-49da-b81e-6ab3c929a8d2
2026-01-29 12:13:03,558 - WARNING - Skipping duplicate event: 569cc5e9-edd7-4f6a-9fde-26f0f5167cb9
2026-01-29 12:13:03,560 - WARNING - Skipping duplicate event: f47e0cb4-fce1-4966-a5e5-73eb00eeaee5
2026-01-29 12:13:03,616 - WARNING - Skipping duplicate event: ca8bb360-de63-48e0-8b57-b88d18e45496
2026-01-29 12:13:03,618 - WARNING - Skipping duplicate event: 1055c6f6-8d70-4cff-8569-944a5d9bed9a
2026-01-29 12:13:03,674 - WARNING - Skipping duplicate event: 3848ec08-8ec3-4d2b-b56b-f33de10d6bc2
2026-01-29 12:13:03,682 - WARNING - Skipping duplicate event: 507b503f-47c3-4058-a20f-5a8b9e91a4d9
2026-01-29 12:13:03,684 - WARNING - Skipping duplicate event: 024c0f2f-8026-45d3-88b3-7f35a7e7ffb4
2026-01-29 12:13:03,684 - WARNING - Skipping duplicate event: a2070534-362f-40a8-9f18-c1246185840c
2026-01-29 12:13:03,690 - WARNING - Skipping duplicate event: ed5851be-6fc7-43ae-925c-2bf87ab8c4a4
2026-01-29 12:13:03,709 - WARNING - Skipping duplicate event: 1202d175-30c2-4fed-a144-bb39604bccca
2026-01-29 12:13:03,717 - WARNING - Skipping duplicate event: 1764996e-ea97-468f-99a6-970820d18a34
2026-01-29 12:13:03,719 - WARNING - Skipping duplicate event: 1b21000b-2b95-4c43-8049-21c0d724c500
2026-01-29 12:13:03,724 - WARNING - Skipping duplicate event: 8ad86f74-eec3-4930-8e45-f820868de1bd
2026-01-29 12:13:03,735 - WARNING - Skipping duplicate event: 422191ee-169f-46b6-a70d-0dcca3ebbc1c
2026-01-29 12:13:03,749 - WARNING - Skipping duplicate event: 201b9024-0be3-4f3d-b6a5-cbded6a7122a
2026-01-29 12:13:03,764 - WARNING - Skipping duplicate event: 52d35846-5ffb-4d25-a12e-c5281ac6c7bc
2026-01-29 12:13:03,766 - WARNING - Skipping duplicate event: 8909fa05-4a2c-4810-a02c-ce8573ce7b51
2026-01-29 12:13:03,771 - WARNING - Skipping duplicate event: a0347252-a9c0-40c6-85ee-7d1ebaba0c73
2026-01-29 12:13:03,773 - WARNING - Skipping duplicate event: 33dd9d38-cce2-4324-818e-128aa291840d
2026-01-29 12:13:03,786 - WARNING - Skipping duplicate event: a37de2c3-5771-4fb0-9bbe-69d5e96e1845
2026-01-29 12:13:03,796 - WARNING - Skipping duplicate event: 355e74df-e09d-4bbb-8727-ffea448171c0
2026-01-29 12:13:03,845 - WARNING - Skipping duplicate event: 93addea6-a1f1-40e2-93d4-a4590b7c5a40
2026-01-29 12:13:03,853 - WARNING - Skipping duplicate event: 96d2c596-a79c-433d-bf2d-b500eb6e3844
2026-01-29 12:13:03,863 - WARNING - Skipping duplicate event: 6a56d104-1361-49d1-8708-b76bd491b2ab
2026-01-29 12:13:03,879 - WARNING - Skipping duplicate event: 66fa410a-8b4c-4542-a64b-0a4150f73011
2026-01-29 12:13:03,892 - WARNING - Skipping duplicate event: b8ea2051-1b9e-4ed1-9972-7fba04c17a6d
2026-01-29 12:13:03,898 - WARNING - Skipping duplicate event: 68828b8c-b235-4e06-a037-ac87b16a6c8c
2026-01-29 12:13:03,927 - WARNING - Skipping duplicate event: 2fc4ea56-0155-4e94-93b4-f9beb24628a4
2026-01-29 12:13:03,929 - WARNING - Skipping duplicate event: 4be43649-7c13-4ee4-83ff-bb448f2f5459
2026-01-29 12:13:03,937 - WARNING - Skipping duplicate event: 664dc88a-d269-47bf-8e82-98da1041d2ab
2026-01-29 12:13:03,948 - WARNING - Skipping duplicate event: baf48920-c2cd-478a-8582-522539f1747e
2026-01-29 12:13:03,949 - WARNING - Skipping duplicate event: ee53d1a6-a126-4e0e-a128-67d8ba9c67b1
2026-01-29 12:13:03,980 - WARNING - Skipping duplicate event: a0706dc9-64c8-4f1e-9c2f-9be731ebb982
2026-01-29 12:13:03,987 - WARNING - Skipping duplicate event: f8f7598d-88fb-4f15-9494-08e8ada5e6e0
2026-01-29 12:13:03,999 - WARNING - Skipping duplicate event: d768b62f-3f87-4be4-83b1-71156a6dc889
2026-01-29 12:13:04,015 - WARNING - Skipping duplicate event: 3905b9a7-717f-4e51-a61b-c8e40a4e2e7a
2026-01-29 12:13:04,021 - WARNING - Skipping duplicate event: e164b988-3554-4994-97be-6101e31ebddf
2026-01-29 12:13:04,036 - WARNING - Skipping duplicate event: c6d6f926-c8d8-4cca-81c9-4486c699298a
2026-01-29 12:13:04,043 - WARNING - Skipping duplicate event: 3353a3d4-7fba-4289-afe9-b96b6b0b11ff
2026-01-29 12:13:04,068 - WARNING - Skipping duplicate event: a43da83b-f0e2-4c34-951f-5dd227a882f7
2026-01-29 12:13:04,180 - WARNING - Skipping duplicate event: bb009b64-0262-41a9-8aa6-0320aeb473dd
2026-01-29 12:13:04,212 - WARNING - Skipping duplicate event: be9eaa42-9b29-4af1-a35b-1e135f7affb8
2026-01-29 12:13:04,220 - WARNING - Skipping duplicate event: b5197da6-f844-4435-8aa6-7e5518566469
2026-01-29 12:13:04,226 - WARNING - Skipping duplicate event: af71f173-81ca-4a8f-9116-c22b552df7b5
2026-01-29 12:13:04,232 - WARNING - Skipping duplicate event: dbed78a2-1e96-45a2-b7b0-293004f713c7
2026-01-29 12:13:04,239 - WARNING - Skipping duplicate event: 001f23ed-8988-4829-b7a1-5dd3ee658f45
2026-01-29 12:13:04,264 - WARNING - Skipping duplicate event: 1efa8148-ed1b-47f2-b062-803458d8acbe
2026-01-29 12:13:04,269 - WARNING - Skipping duplicate event: 551f66d6-e819-4ce1-90fb-d5c964695c4d
2026-01-29 12:13:04,291 - WARNING - Skipping duplicate event: 05e7d0b3-fadb-4f32-8687-18b7b0309509
2026-01-29 12:13:04,301 - WARNING - Skipping duplicate event: 6eb60f5c-250a-4a0f-be36-eff86ef24bf1
2026-01-29 12:13:04,332 - WARNING - Skipping duplicate event: 930c66cc-6aa0-4999-8407-59fe956d5a4b
2026-01-29 12:13:04,335 - WARNING - Skipping duplicate event: 91ef5e18-a243-4111-862a-d2031c47fc2b
2026-01-29 12:13:04,382 - WARNING - Skipping duplicate event: 5666f6c4-d0e4-40e0-a080-3ce36e0320c1
2026-01-29 12:13:04,395 - WARNING - Skipping duplicate event: 223e1617-8cd6-463c-a6f0-9f4129ef39b6
2026-01-29 12:13:04,401 - WARNING - Skipping duplicate event: 3debe162-65d6-4e20-b639-357743442b9d
2026-01-29 12:13:04,422 - WARNING - Skipping duplicate event: 5719273f-16e4-409b-b064-59fb22f8e2af
2026-01-29 12:13:04,431 - WARNING - Skipping duplicate event: 1fbb7183-265d-4b54-985c-ea188d6b6573
2026-01-29 12:13:04,435 - WARNING - Skipping duplicate event: 15e32b36-63b9-4c24-844b-5010652d0771
2026-01-29 12:13:04,469 - WARNING - Skipping duplicate event: fc4eb8f0-5cc4-4e32-8731-e979b5d0519e
2026-01-29 12:13:04,474 - WARNING - Skipping duplicate event: effa215a-03a5-48ce-a7a3-d8f7a356d7dc
2026-01-29 12:13:04,491 - WARNING - Skipping duplicate event: 8c887d27-c842-4367-b5f4-2d2aac7f1fc1
2026-01-29 12:13:04,502 - WARNING - Skipping duplicate event: 3ddb88ce-afdc-4e95-9f0a-133464bd80a2
2026-01-29 12:13:04,505 - WARNING - Skipping duplicate event: 510377e7-ede9-435c-895a-f643df8aabf0
2026-01-29 12:13:04,516 - WARNING - Skipping duplicate event: 744bcb92-e093-4111-a77e-278dcdc2fce8
2026-01-29 12:13:04,524 - WARNING - Skipping duplicate event: 5f214ad7-20ef-4a14-8c3e-aeb89d6973a9
2026-01-29 12:13:04,529 - WARNING - Skipping duplicate event: 2e178ad8-acec-416c-8675-bfdf53220027
2026-01-29 12:13:04,538 - WARNING - Skipping duplicate event: 90a16ba9-f3f8-4ff3-9ff4-9f810272ca0a
2026-01-29 12:13:04,541 - WARNING - Skipping duplicate event: 4b4f494e-cda1-4059-9f38-1944449d7be1
2026-01-29 12:13:04,550 - WARNING - Skipping duplicate event: 749bca51-3b5c-41d0-b989-3b1e145910c4
2026-01-29 12:13:04,553 - WARNING - Skipping duplicate event: a4376f78-e8d8-4f2b-af6c-034596763f49
2026-01-29 12:13:04,555 - WARNING - Skipping duplicate event: 2c55f49c-5a86-45d6-954d-0ed52ac99a03
2026-01-29 12:13:04,558 - WARNING - Skipping duplicate event: 1c33c106-a1b3-4ebb-bb69-20815c587c74
2026-01-29 12:13:04,564 - WARNING - Skipping duplicate event: 864a2551-6680-4253-8385-d9e0b2b606db
2026-01-29 12:13:04,588 - WARNING - Skipping duplicate event: f2c8add1-a5c0-46e6-9ef5-63e8646da3e8
2026-01-29 12:13:04,590 - WARNING - Skipping duplicate event: 89fbe355-93c1-466a-bf43-615024602452
2026-01-29 12:13:04,597 - WARNING - Skipping duplicate event: c10e5755-b6a6-49a2-b8a8-cc95589acdd4
2026-01-29 12:13:04,615 - WARNING - Skipping duplicate event: 03dce4b6-b666-439a-8132-baabccbb3c4e
2026-01-29 12:13:04,627 - WARNING - Skipping duplicate event: c721d43f-4da5-4372-804c-b61a74093ab7
2026-01-29 12:13:04,655 - WARNING - Skipping duplicate event: 23f3a0b9-390d-42ae-aba1-c3ee7c6bcf11
2026-01-29 12:13:04,674 - WARNING - Skipping duplicate event: 60faf7f3-c5ca-4462-8843-11a31d8faf70
2026-01-29 12:13:04,701 - WARNING - Skipping duplicate event: bafe45a9-9093-4db8-b8f5-c864127bdad1
2026-01-29 12:13:04,701 - WARNING - Skipping duplicate event: c4479e25-08d7-4ece-a799-de83542fd703
2026-01-29 12:13:04,706 - WARNING - Skipping duplicate event: 733d441e-9d27-46ab-976e-5bfacf2a710e
2026-01-29 12:13:04,708 - WARNING - Skipping duplicate event: c914bf67-719e-427c-8e9a-522be2b9a5d2
2026-01-29 12:13:04,717 - WARNING - Skipping duplicate event: 126930a5-64e4-465c-ab46-f7180fcfd4b2
2026-01-29 12:13:04,722 - WARNING - Skipping duplicate event: d3d39ac4-0325-4de8-8e2d-dfe9b0587cfb
2026-01-29 12:13:04,734 - WARNING - Skipping duplicate event: 1d609d6a-6d1f-4632-9ae0-eb1f0f57c4f6
2026-01-29 12:13:04,735 - WARNING - Skipping duplicate event: ee2e70df-d6c1-47a1-920c-a4ffee5a8357
2026-01-29 12:13:04,751 - WARNING - Skipping duplicate event: 077d610d-e787-402c-8060-2611d2107c8b
